<?xml version="1.0" encoding="UTF-8"?>
<!-- Generated by org.testng.reporters.JUnitReportReporter -->
<testsuite hostname="DESKTOP-P3RB1A4" failures="0" tests="1" name="organizationTests.CreateOrganizationWithIndustry" time="14.722" errors="0" timestamp="2023-11-03T08:49:58 GST" skipped="0">
  <testcase classname="organizationTests.CreateOrganizationWithIndustry" name="createContactWithIndustry" time="14.722"/>
  <system-out/>
</testsuite> <!-- organizationTests.CreateOrganizationWithIndustry -->
