<?xml version="1.0" encoding="UTF-8"?>
<!-- Generated by org.testng.reporters.JUnitReportReporter -->
<testsuite hostname="DESKTOP-P3RB1A4" failures="0" tests="3" name="VtigerPractice.DataProviderPractice" time="0.025" errors="0" timestamp="2023-10-26T09:26:12 GST" skipped="0">
  <testcase classname="VtigerPractice.DataProviderPractice" name="readData" time="0.004"/>
  <system-out/>
  <testcase classname="VtigerPractice.DataProviderPractice" name="readData" time="0.003"/>
  <system-out/>
  <testcase classname="VtigerPractice.DataProviderPractice" name="readData" time="0.018"/>
  <system-out/>
</testsuite> <!-- VtigerPractice.DataProviderPractice -->
