<?xml version="1.0" encoding="UTF-8"?>
<!-- Generated by org.testng.reporters.JUnitReportReporter -->
<testsuite hostname="DESKTOP-P3RB1A4" failures="0" tests="1" name="contactTests.CreateContactWithOrganizationTest" time="36.407" errors="0" timestamp="2023-11-03T08:48:00 GST" skipped="0">
  <testcase classname="contactTests.CreateContactWithOrganizationTest" name="createContactWithOrganization" time="36.407"/>
  <system-out/>
</testsuite> <!-- contactTests.CreateContactWithOrganizationTest -->
