<?xml version="1.0" encoding="UTF-8"?>
<!-- Generated by org.testng.reporters.JUnitReportReporter -->
<testsuite hostname="DESKTOP-P3RB1A4" failures="0" tests="5" name="contactTests.CreateMultipleContact" time="80.919" errors="0" timestamp="2023-11-08T08:37:39 GST" skipped="0">
  <testcase classname="contactTests.CreateMultipleContact" name="createMultipleContact" time="26.599"/>
  <system-out/>
  <testcase classname="contactTests.CreateMultipleContact" name="createMultipleContact" time="11.288"/>
  <system-out/>
  <testcase classname="contactTests.CreateMultipleContact" name="createMultipleContact" time="15.188"/>
  <system-out/>
  <testcase classname="contactTests.CreateMultipleContact" name="createMultipleContact" time="15.819"/>
  <system-out/>
  <testcase classname="contactTests.CreateMultipleContact" name="createMultipleContact" time="12.025"/>
  <system-out/>
</testsuite> <!-- contactTests.CreateMultipleContact -->
