<?xml version="1.0" encoding="UTF-8"?>
<!-- Generated by org.testng.reporters.JUnitReportReporter -->
<testsuite hostname="DESKTOP-P3RB1A4" failures="0" tests="1" name="organizationTests.CreateOrganizationTest" time="11.384" errors="0" timestamp="2023-10-27T10:19:19 GST" skipped="0">
  <testcase classname="organizationTests.CreateOrganizationTest" name="createOrganization" time="11.384"/>
  <system-out/>
</testsuite> <!-- organizationTests.CreateOrganizationTest -->
