<?xml version="1.0" encoding="UTF-8"?>
<!-- Generated by org.testng.reporters.JUnitReportReporter -->
<testsuite hostname="DESKTOP-P3RB1A4" failures="0" tests="1" name="contactTests.CreateContactTest" time="12.255" errors="0" timestamp="2023-11-08T08:49:35 GST" skipped="0">
  <testcase classname="contactTests.CreateContactTest" name="createContact" time="12.255"/>
  <system-out/>
</testsuite> <!-- contactTests.CreateContactTest -->
